2024-06-04 18:04:02,755 INFO    StreamThr :9033 [internal.py:wandb_internal():85] W&B internal server running at pid: 9033, started at: 2024-06-04 18:04:02.754555
2024-06-04 18:04:02,758 DEBUG   HandlerThread:9033 [handler.py:handle_request():158] handle_request: status
2024-06-04 18:04:02,759 INFO    WriterThread:9033 [datastore.py:open_for_write():87] open: /root/autodl-tmp/STllama/wandb/run-20240604_180402-4dfg8kg4/run-4dfg8kg4.wandb
2024-06-04 18:04:02,760 DEBUG   SenderThread:9033 [sender.py:send():378] send: header
2024-06-04 18:04:02,821 DEBUG   SenderThread:9033 [sender.py:send():378] send: run
2024-06-04 18:04:03,507 INFO    SenderThread:9033 [dir_watcher.py:__init__():211] watching files in: /root/autodl-tmp/STllama/wandb/run-20240604_180402-4dfg8kg4/files
2024-06-04 18:04:03,507 INFO    SenderThread:9033 [sender.py:_start_run_threads():1123] run started: 4dfg8kg4 with start time 1717495442.754392
2024-06-04 18:04:03,514 DEBUG   HandlerThread:9033 [handler.py:handle_request():158] handle_request: check_version
2024-06-04 18:04:03,515 DEBUG   SenderThread:9033 [sender.py:send_request():405] send_request: check_version
2024-06-04 18:04:03,757 DEBUG   HandlerThread:9033 [handler.py:handle_request():158] handle_request: run_start
2024-06-04 18:04:03,768 DEBUG   HandlerThread:9033 [system_info.py:__init__():26] System info init
2024-06-04 18:04:03,768 DEBUG   HandlerThread:9033 [system_info.py:__init__():41] System info init done
2024-06-04 18:04:03,768 INFO    HandlerThread:9033 [system_monitor.py:start():194] Starting system monitor
2024-06-04 18:04:03,768 INFO    SystemMonitor:9033 [system_monitor.py:_start():158] Starting system asset monitoring threads
2024-06-04 18:04:03,769 INFO    HandlerThread:9033 [system_monitor.py:probe():214] Collecting system info
2024-06-04 18:04:03,769 INFO    SystemMonitor:9033 [interfaces.py:start():188] Started cpu monitoring
2024-06-04 18:04:03,770 INFO    SystemMonitor:9033 [interfaces.py:start():188] Started disk monitoring
2024-06-04 18:04:03,772 INFO    SystemMonitor:9033 [interfaces.py:start():188] Started gpu monitoring
2024-06-04 18:04:03,773 INFO    SystemMonitor:9033 [interfaces.py:start():188] Started memory monitoring
2024-06-04 18:04:03,775 INFO    SystemMonitor:9033 [interfaces.py:start():188] Started network monitoring
2024-06-04 18:04:03,788 DEBUG   HandlerThread:9033 [system_info.py:probe():150] Probing system
2024-06-04 18:04:03,794 DEBUG   HandlerThread:9033 [system_info.py:_probe_git():135] Probing git
2024-06-04 18:04:03,806 DEBUG   HandlerThread:9033 [system_info.py:_probe_git():143] Probing git done
2024-06-04 18:04:03,806 DEBUG   HandlerThread:9033 [system_info.py:probe():198] Probing system done
2024-06-04 18:04:03,806 DEBUG   HandlerThread:9033 [system_monitor.py:probe():223] {'os': 'Linux-5.4.0-99-generic-x86_64-with-glibc2.17', 'python': '3.8.10', 'heartbeatAt': '2024-06-04T10:04:03.788186', 'startedAt': '2024-06-04T10:04:02.749536', 'docker': None, 'cuda': None, 'args': ('--model_name_or_path', './checkpoints/vicuna-7b-v1.5-16k', '--version', 'v1', '--data_path', './data/discharge/st_gpt.json', '--st_content', './TAXI.json', '--st_data_path', './data/discharge/st_data.pkl', '--st_tower', 'ST_Encoder', '--tune_st_mlp_adapter', 'True', '--st_select_layer', '-2', '--use_st_start_end', '--fp16', 'True', '--output_dir', './checkpoints/UrbanGPT', '--num_train_epochs', '3', '--per_device_train_batch_size', '4', '--per_device_eval_batch_size', '4', '--gradient_accumulation_steps', '4', '--evaluation_strategy', 'no', '--save_strategy', 'steps', '--save_steps', '4800', '--save_total_limit', '1', '--learning_rate', '2e-3', '--weight_decay', '0.', '--warmup_ratio', '0.03', '--lr_scheduler_type', 'cosine', '--logging_steps', '1', '--tf32', 'False', '--model_max_length', '2048', '--gradient_checkpointing', 'True', '--lazy_preprocess', 'True', '--report_to', 'wandb'), 'state': 'running', 'program': 'urbangpt/train/train_mem.py', 'codePathLocal': 'urbangpt/train/train_mem.py', 'codePath': 'urbangpt/train/train_mem.py', 'git': {'remote': 'https://github.com/TobyYang7/STllama.git', 'commit': '8448b7de864dfbd0a2e72588f50828d5093a4b50'}, 'email': 'tobyyang7@foxmail.com', 'root': '/root/autodl-tmp/STllama', 'host': 'autodl-container-7bda11a2fa-d300d1c6', 'username': 'root', 'executable': '/root/miniconda3/bin/python', 'cpu_count': 40, 'cpu_count_logical': 80, 'cpu_freq': {'current': 3000.0279999999975, 'min': 0.0, 'max': 0.0}, 'cpu_freq_per_core': [{'current': 3000.028, 'min': 0.0, 'max': 0.0}, {'current': 3000.028, 'min': 0.0, 'max': 0.0}, {'current': 3000.028, 'min': 0.0, 'max': 0.0}, {'current': 3000.028, 'min': 0.0, 'max': 0.0}, {'current': 3000.028, 'min': 0.0, 'max': 0.0}, {'current': 3000.028, 'min': 0.0, 'max': 0.0}, {'current': 3000.028, 'min': 0.0, 'max': 0.0}, {'current': 3000.028, 'min': 0.0, 'max': 0.0}, {'current': 3000.028, 'min': 0.0, 'max': 0.0}, {'current': 3000.028, 'min': 0.0, 'max': 0.0}, {'current': 3000.028, 'min': 0.0, 'max': 0.0}, {'current': 3000.028, 'min': 0.0, 'max': 0.0}, {'current': 3000.028, 'min': 0.0, 'max': 0.0}, {'current': 3000.028, 'min': 0.0, 'max': 0.0}, {'current': 3000.028, 'min': 0.0, 'max': 0.0}, {'current': 3000.028, 'min': 0.0, 'max': 0.0}, {'current': 3000.028, 'min': 0.0, 'max': 0.0}, {'current': 3000.028, 'min': 0.0, 'max': 0.0}, {'current': 3000.028, 'min': 0.0, 'max': 0.0}, {'current': 3000.028, 'min': 0.0, 'max': 0.0}, {'current': 3000.028, 'min': 0.0, 'max': 0.0}, {'current': 3000.028, 'min': 0.0, 'max': 0.0}, {'current': 3000.028, 'min': 0.0, 'max': 0.0}, {'current': 3000.028, 'min': 0.0, 'max': 0.0}, {'current': 3000.028, 'min': 0.0, 'max': 0.0}, {'current': 3000.028, 'min': 0.0, 'max': 0.0}, {'current': 3000.028, 'min': 0.0, 'max': 0.0}, {'current': 3000.028, 'min': 0.0, 'max': 0.0}, {'current': 3000.028, 'min': 0.0, 'max': 0.0}, {'current': 3000.028, 'min': 0.0, 'max': 0.0}, {'current': 3000.028, 'min': 0.0, 'max': 0.0}, {'current': 3000.028, 'min': 0.0, 'max': 0.0}, {'current': 3000.028, 'min': 0.0, 'max': 0.0}, {'current': 3000.028, 'min': 0.0, 'max': 0.0}, {'current': 3000.028, 'min': 0.0, 'max': 0.0}, {'current': 3000.028, 'min': 0.0, 'max': 0.0}, {'current': 3000.028, 'min': 0.0, 'max': 0.0}, {'current': 3000.028, 'min': 0.0, 'max': 0.0}, {'current': 3000.028, 'min': 0.0, 'max': 0.0}, {'current': 3000.028, 'min': 0.0, 'max': 0.0}, {'current': 3000.028, 'min': 0.0, 'max': 0.0}, {'current': 3000.028, 'min': 0.0, 'max': 0.0}, {'current': 3000.028, 'min': 0.0, 'max': 0.0}, {'current': 3000.028, 'min': 0.0, 'max': 0.0}, {'current': 3000.028, 'min': 0.0, 'max': 0.0}, {'current': 3000.028, 'min': 0.0, 'max': 0.0}, {'current': 3000.028, 'min': 0.0, 'max': 0.0}, {'current': 3000.028, 'min': 0.0, 'max': 0.0}, {'current': 3000.028, 'min': 0.0, 'max': 0.0}, {'current': 3000.028, 'min': 0.0, 'max': 0.0}, {'current': 3000.028, 'min': 0.0, 'max': 0.0}, {'current': 3000.028, 'min': 0.0, 'max': 0.0}, {'current': 3000.028, 'min': 0.0, 'max': 0.0}, {'current': 3000.028, 'min': 0.0, 'max': 0.0}, {'current': 3000.028, 'min': 0.0, 'max': 0.0}, {'current': 3000.028, 'min': 0.0, 'max': 0.0}, {'current': 3000.028, 'min': 0.0, 'max': 0.0}, {'current': 3000.028, 'min': 0.0, 'max': 0.0}, {'current': 3000.028, 'min': 0.0, 'max': 0.0}, {'current': 3000.028, 'min': 0.0, 'max': 0.0}, {'current': 3000.028, 'min': 0.0, 'max': 0.0}, {'current': 3000.028, 'min': 0.0, 'max': 0.0}, {'current': 3000.028, 'min': 0.0, 'max': 0.0}, {'current': 3000.028, 'min': 0.0, 'max': 0.0}, {'current': 3000.028, 'min': 0.0, 'max': 0.0}, {'current': 3000.028, 'min': 0.0, 'max': 0.0}, {'current': 3000.028, 'min': 0.0, 'max': 0.0}, {'current': 3000.028, 'min': 0.0, 'max': 0.0}, {'current': 3000.028, 'min': 0.0, 'max': 0.0}, {'current': 3000.028, 'min': 0.0, 'max': 0.0}, {'current': 3000.028, 'min': 0.0, 'max': 0.0}, {'current': 3000.028, 'min': 0.0, 'max': 0.0}, {'current': 3000.028, 'min': 0.0, 'max': 0.0}, {'current': 3000.028, 'min': 0.0, 'max': 0.0}, {'current': 3000.028, 'min': 0.0, 'max': 0.0}, {'current': 3000.028, 'min': 0.0, 'max': 0.0}, {'current': 3000.028, 'min': 0.0, 'max': 0.0}, {'current': 3000.028, 'min': 0.0, 'max': 0.0}, {'current': 3000.028, 'min': 0.0, 'max': 0.0}, {'current': 3000.028, 'min': 0.0, 'max': 0.0}], 'disk': {'/': {'total': 30.0, 'used': 22.363601684570312}}, 'gpu': 'Tesla V100S-PCIE-32GB', 'gpu_count': 1, 'gpu_devices': [{'name': 'Tesla V100S-PCIE-32GB', 'memory_total': 34359738368}], 'memory': {'total': 629.8885612487793}}
2024-06-04 18:04:03,806 INFO    HandlerThread:9033 [system_monitor.py:probe():224] Finished collecting system info
2024-06-04 18:04:03,806 INFO    HandlerThread:9033 [system_monitor.py:probe():227] Publishing system info
2024-06-04 18:04:03,806 DEBUG   HandlerThread:9033 [system_info.py:_save_conda():207] Saving list of conda packages installed into the current environment
2024-06-04 18:04:04,325 DEBUG   HandlerThread:9033 [system_info.py:_save_conda():222] Saving conda packages done
2024-06-04 18:04:04,327 INFO    HandlerThread:9033 [system_monitor.py:probe():229] Finished publishing system info
2024-06-04 18:04:04,332 DEBUG   SenderThread:9033 [sender.py:send():378] send: files
2024-06-04 18:04:04,332 INFO    SenderThread:9033 [sender.py:_save_file():1389] saving file wandb-metadata.json with policy now
2024-06-04 18:04:04,483 DEBUG   HandlerThread:9033 [handler.py:handle_request():158] handle_request: python_packages
2024-06-04 18:04:04,483 DEBUG   HandlerThread:9033 [handler.py:handle_request():158] handle_request: stop_status
2024-06-04 18:04:04,484 DEBUG   SenderThread:9033 [sender.py:send_request():405] send_request: python_packages
2024-06-04 18:04:04,485 DEBUG   SenderThread:9033 [sender.py:send_request():405] send_request: stop_status
2024-06-04 18:04:04,508 INFO    Thread-12 :9033 [dir_watcher.py:_on_file_created():271] file/dir created: /root/autodl-tmp/STllama/wandb/run-20240604_180402-4dfg8kg4/files/conda-environment.yaml
2024-06-04 18:04:04,509 INFO    Thread-12 :9033 [dir_watcher.py:_on_file_created():271] file/dir created: /root/autodl-tmp/STllama/wandb/run-20240604_180402-4dfg8kg4/files/wandb-metadata.json
2024-06-04 18:04:04,509 INFO    Thread-12 :9033 [dir_watcher.py:_on_file_created():271] file/dir created: /root/autodl-tmp/STllama/wandb/run-20240604_180402-4dfg8kg4/files/requirements.txt
2024-06-04 18:04:04,905 DEBUG   SenderThread:9033 [sender.py:send():378] send: telemetry
2024-06-04 18:04:04,905 DEBUG   SenderThread:9033 [sender.py:send():378] send: config
2024-06-04 18:04:04,905 DEBUG   SenderThread:9033 [sender.py:send():378] send: metric
2024-06-04 18:04:04,906 DEBUG   SenderThread:9033 [sender.py:send():378] send: telemetry
2024-06-04 18:04:04,906 DEBUG   SenderThread:9033 [sender.py:send():378] send: telemetry
2024-06-04 18:04:04,906 DEBUG   SenderThread:9033 [sender.py:send():378] send: metric
2024-06-04 18:04:04,906 WARNING SenderThread:9033 [sender.py:send_metric():1340] Seen metric with glob (shouldn't happen)
2024-06-04 18:04:04,941 ERROR   wandb-upload_0:9033 [internal_api.py:upload_file():2738] upload_file exception https://storage.googleapis.com/wandb-production.appspot.com/toby-yang/huggingface/4dfg8kg4/wandb-metadata.json?Expires=1717581844&GoogleAccessId=gorilla-files-url-signer-man%40wandb-production.iam.gserviceaccount.com&Signature=NfqZWb2u48zUsmP5m8pFHgpRRCV9HdOjEw6AcNwMxKaHdGgE2BEr4Lcz%2Bbs7Ax59eqWtrP7JRrFo%2BCvtuaN5%2Fv7KxpbxfRoDJPI0wCTpDUGNOG%2FNBtshr%2Bsj%2FZquQtwaabQGk78LH7oiPCo61GQpXUOxQ%2BF6XSIwV4SbRdMTpAofqvji4JgTnrZAbO1dDZydmtfFpcmF6sQrPIH87%2BimsP3uO4k71wTZalgvCqmR8J%2FdeRMBqVg62jVqCxQrDRs5AcZZ2c5nvJdDhGDU5kM%2Ba%2B42AI6YZ3Po7VZarQDMC1p18eCsaKb%2FQR5tYB8fluLDfNAcMLmS5BihwwLvnw99Lw%3D%3D: ('Connection aborted.', ConnectionResetError(104, 'Connection reset by peer'))
2024-06-04 18:04:04,941 ERROR   wandb-upload_0:9033 [internal_api.py:upload_file():2740] upload_file request headers: {'User-Agent': 'python-requests/2.28.2', 'Accept-Encoding': 'gzip, deflate, br', 'Accept': '*/*', 'Connection': 'keep-alive', 'Content-Length': '10734'}
2024-06-04 18:04:04,941 ERROR   wandb-upload_0:9033 [internal_api.py:upload_file():2742] upload_file response body: 
2024-06-04 18:04:05,508 INFO    Thread-12 :9033 [dir_watcher.py:_on_file_created():271] file/dir created: /root/autodl-tmp/STllama/wandb/run-20240604_180402-4dfg8kg4/files/output.log
2024-06-04 18:04:05,811 DEBUG   SenderThread:9033 [sender.py:send():378] send: exit
2024-06-04 18:04:05,811 INFO    SenderThread:9033 [sender.py:send_exit():585] handling exit code: 1
2024-06-04 18:04:05,811 INFO    SenderThread:9033 [sender.py:send_exit():587] handling runtime: 2
2024-06-04 18:04:05,814 INFO    SenderThread:9033 [sender.py:_save_file():1389] saving file wandb-summary.json with policy end
2024-06-04 18:04:05,814 INFO    SenderThread:9033 [sender.py:send_exit():593] send defer
2024-06-04 18:04:05,814 DEBUG   HandlerThread:9033 [handler.py:handle_request():158] handle_request: defer
2024-06-04 18:04:05,814 INFO    HandlerThread:9033 [handler.py:handle_request_defer():184] handle defer: 0
2024-06-04 18:04:05,815 DEBUG   SenderThread:9033 [sender.py:send_request():405] send_request: defer
2024-06-04 18:04:05,815 INFO    SenderThread:9033 [sender.py:send_request_defer():609] handle sender defer: 0
2024-06-04 18:04:05,815 INFO    SenderThread:9033 [sender.py:transition_state():613] send defer: 1
2024-06-04 18:04:05,815 DEBUG   HandlerThread:9033 [handler.py:handle_request():158] handle_request: defer
2024-06-04 18:04:05,815 INFO    HandlerThread:9033 [handler.py:handle_request_defer():184] handle defer: 1
2024-06-04 18:04:05,815 DEBUG   SenderThread:9033 [sender.py:send_request():405] send_request: defer
2024-06-04 18:04:05,815 INFO    SenderThread:9033 [sender.py:send_request_defer():609] handle sender defer: 1
2024-06-04 18:04:05,815 INFO    SenderThread:9033 [sender.py:transition_state():613] send defer: 2
2024-06-04 18:04:05,816 DEBUG   HandlerThread:9033 [handler.py:handle_request():158] handle_request: defer
2024-06-04 18:04:05,816 INFO    HandlerThread:9033 [handler.py:handle_request_defer():184] handle defer: 2
2024-06-04 18:04:05,816 INFO    HandlerThread:9033 [system_monitor.py:finish():203] Stopping system monitor
2024-06-04 18:04:05,816 DEBUG   SystemMonitor:9033 [system_monitor.py:_start():172] Starting system metrics aggregation loop
2024-06-04 18:04:05,816 DEBUG   SystemMonitor:9033 [system_monitor.py:_start():179] Finished system metrics aggregation loop
2024-06-04 18:04:05,816 DEBUG   SystemMonitor:9033 [system_monitor.py:_start():183] Publishing last batch of metrics
2024-06-04 18:04:05,817 INFO    HandlerThread:9033 [interfaces.py:finish():200] Joined cpu monitor
2024-06-04 18:04:05,817 INFO    HandlerThread:9033 [interfaces.py:finish():200] Joined disk monitor
2024-06-04 18:04:05,864 INFO    HandlerThread:9033 [interfaces.py:finish():200] Joined gpu monitor
2024-06-04 18:04:05,864 INFO    HandlerThread:9033 [interfaces.py:finish():200] Joined memory monitor
2024-06-04 18:04:05,864 INFO    HandlerThread:9033 [interfaces.py:finish():200] Joined network monitor
2024-06-04 18:04:05,865 DEBUG   SenderThread:9033 [sender.py:send_request():405] send_request: defer
2024-06-04 18:04:05,865 INFO    SenderThread:9033 [sender.py:send_request_defer():609] handle sender defer: 2
2024-06-04 18:04:05,865 INFO    SenderThread:9033 [sender.py:transition_state():613] send defer: 3
2024-06-04 18:04:05,865 DEBUG   SenderThread:9033 [sender.py:send():378] send: stats
2024-06-04 18:04:05,865 DEBUG   HandlerThread:9033 [handler.py:handle_request():158] handle_request: defer
2024-06-04 18:04:05,865 INFO    HandlerThread:9033 [handler.py:handle_request_defer():184] handle defer: 3
2024-06-04 18:04:05,866 DEBUG   SenderThread:9033 [sender.py:send_request():405] send_request: defer
2024-06-04 18:04:05,866 INFO    SenderThread:9033 [sender.py:send_request_defer():609] handle sender defer: 3
2024-06-04 18:04:05,866 INFO    SenderThread:9033 [sender.py:transition_state():613] send defer: 4
2024-06-04 18:04:05,866 DEBUG   HandlerThread:9033 [handler.py:handle_request():158] handle_request: defer
2024-06-04 18:04:05,866 INFO    HandlerThread:9033 [handler.py:handle_request_defer():184] handle defer: 4
2024-06-04 18:04:05,866 DEBUG   SenderThread:9033 [sender.py:send_request():405] send_request: defer
2024-06-04 18:04:05,866 INFO    SenderThread:9033 [sender.py:send_request_defer():609] handle sender defer: 4
2024-06-04 18:04:05,866 INFO    SenderThread:9033 [sender.py:transition_state():613] send defer: 5
2024-06-04 18:04:05,866 DEBUG   HandlerThread:9033 [handler.py:handle_request():158] handle_request: defer
2024-06-04 18:04:05,866 INFO    HandlerThread:9033 [handler.py:handle_request_defer():184] handle defer: 5
2024-06-04 18:04:05,867 DEBUG   SenderThread:9033 [sender.py:send():378] send: summary
2024-06-04 18:04:05,868 INFO    SenderThread:9033 [sender.py:_save_file():1389] saving file wandb-summary.json with policy end
2024-06-04 18:04:05,869 DEBUG   SenderThread:9033 [sender.py:send_request():405] send_request: defer
2024-06-04 18:04:05,869 INFO    SenderThread:9033 [sender.py:send_request_defer():609] handle sender defer: 5
2024-06-04 18:04:05,869 INFO    SenderThread:9033 [sender.py:transition_state():613] send defer: 6
2024-06-04 18:04:05,869 DEBUG   HandlerThread:9033 [handler.py:handle_request():158] handle_request: defer
2024-06-04 18:04:05,869 INFO    HandlerThread:9033 [handler.py:handle_request_defer():184] handle defer: 6
2024-06-04 18:04:05,869 DEBUG   SenderThread:9033 [sender.py:send_request():405] send_request: defer
2024-06-04 18:04:05,869 INFO    SenderThread:9033 [sender.py:send_request_defer():609] handle sender defer: 6
2024-06-04 18:04:05,874 DEBUG   HandlerThread:9033 [handler.py:handle_request():158] handle_request: status_report
2024-06-04 18:04:06,183 INFO    SenderThread:9033 [sender.py:transition_state():613] send defer: 7
2024-06-04 18:04:06,183 DEBUG   HandlerThread:9033 [handler.py:handle_request():158] handle_request: defer
2024-06-04 18:04:06,184 INFO    HandlerThread:9033 [handler.py:handle_request_defer():184] handle defer: 7
2024-06-04 18:04:06,184 DEBUG   SenderThread:9033 [sender.py:send_request():405] send_request: defer
2024-06-04 18:04:06,184 INFO    SenderThread:9033 [sender.py:send_request_defer():609] handle sender defer: 7
2024-06-04 18:04:06,445 ERROR   wandb-upload_0:9033 [internal_api.py:upload_file():2738] upload_file exception https://storage.googleapis.com/wandb-production.appspot.com/toby-yang/huggingface/4dfg8kg4/wandb-metadata.json?Expires=1717581844&GoogleAccessId=gorilla-files-url-signer-man%40wandb-production.iam.gserviceaccount.com&Signature=NfqZWb2u48zUsmP5m8pFHgpRRCV9HdOjEw6AcNwMxKaHdGgE2BEr4Lcz%2Bbs7Ax59eqWtrP7JRrFo%2BCvtuaN5%2Fv7KxpbxfRoDJPI0wCTpDUGNOG%2FNBtshr%2Bsj%2FZquQtwaabQGk78LH7oiPCo61GQpXUOxQ%2BF6XSIwV4SbRdMTpAofqvji4JgTnrZAbO1dDZydmtfFpcmF6sQrPIH87%2BimsP3uO4k71wTZalgvCqmR8J%2FdeRMBqVg62jVqCxQrDRs5AcZZ2c5nvJdDhGDU5kM%2Ba%2B42AI6YZ3Po7VZarQDMC1p18eCsaKb%2FQR5tYB8fluLDfNAcMLmS5BihwwLvnw99Lw%3D%3D: ('Connection aborted.', ConnectionResetError(104, 'Connection reset by peer'))
2024-06-04 18:04:06,445 ERROR   wandb-upload_0:9033 [internal_api.py:upload_file():2740] upload_file request headers: {'User-Agent': 'python-requests/2.28.2', 'Accept-Encoding': 'gzip, deflate, br', 'Accept': '*/*', 'Connection': 'keep-alive', 'Content-Length': '10734'}
2024-06-04 18:04:06,445 ERROR   wandb-upload_0:9033 [internal_api.py:upload_file():2742] upload_file response body: 
2024-06-04 18:04:06,508 INFO    Thread-12 :9033 [dir_watcher.py:_on_file_modified():288] file/dir modified: /root/autodl-tmp/STllama/wandb/run-20240604_180402-4dfg8kg4/files/config.yaml
2024-06-04 18:04:06,509 INFO    Thread-12 :9033 [dir_watcher.py:_on_file_created():271] file/dir created: /root/autodl-tmp/STllama/wandb/run-20240604_180402-4dfg8kg4/files/wandb-summary.json
2024-06-04 18:04:06,809 DEBUG   HandlerThread:9033 [handler.py:handle_request():158] handle_request: poll_exit
2024-06-04 18:04:06,913 INFO    SenderThread:9033 [sender.py:transition_state():613] send defer: 8
2024-06-04 18:04:06,913 DEBUG   SenderThread:9033 [sender.py:send_request():405] send_request: poll_exit
2024-06-04 18:04:06,914 DEBUG   HandlerThread:9033 [handler.py:handle_request():158] handle_request: defer
2024-06-04 18:04:06,914 INFO    HandlerThread:9033 [handler.py:handle_request_defer():184] handle defer: 8
2024-06-04 18:04:06,914 DEBUG   SenderThread:9033 [sender.py:send_request():405] send_request: defer
2024-06-04 18:04:06,915 INFO    SenderThread:9033 [sender.py:send_request_defer():609] handle sender defer: 8
2024-06-04 18:04:06,915 INFO    SenderThread:9033 [job_builder.py:build():432] Attempting to build job artifact
2024-06-04 18:04:06,917 INFO    SenderThread:9033 [job_builder.py:_get_source_type():565] is repo sourced job
2024-06-04 18:04:06,944 INFO    SenderThread:9033 [job_builder.py:build():541] adding wandb-job metadata file
2024-06-04 18:04:06,950 INFO    SenderThread:9033 [sender.py:transition_state():613] send defer: 9
2024-06-04 18:04:06,950 DEBUG   HandlerThread:9033 [handler.py:handle_request():158] handle_request: defer
2024-06-04 18:04:06,950 INFO    HandlerThread:9033 [handler.py:handle_request_defer():184] handle defer: 9
2024-06-04 18:04:06,951 DEBUG   SenderThread:9033 [sender.py:send():378] send: artifact
2024-06-04 18:04:07,509 INFO    Thread-12 :9033 [dir_watcher.py:_on_file_modified():288] file/dir modified: /root/autodl-tmp/STllama/wandb/run-20240604_180402-4dfg8kg4/files/output.log
2024-06-04 18:04:07,811 DEBUG   HandlerThread:9033 [handler.py:handle_request():158] handle_request: poll_exit
2024-06-04 18:04:08,483 INFO    wandb-upload_1:9033 [upload_job.py:push():85] Skipped uploading /root/.local/share/wandb/artifacts/staging/tmp82h6g3st
2024-06-04 18:04:08,627 ERROR   wandb-upload_2:9033 [internal_api.py:upload_file():2738] upload_file exception https://storage.googleapis.com/wandb-artifacts-prod/wandb_artifacts/181782398/859760499/f14b3dbf2547b3e520fc5c05858910cd?Expires=1717581848&GoogleAccessId=gorilla-files-url-signer-man%40wandb-production.iam.gserviceaccount.com&Signature=IxliAxfJQYynYJEV%2FK1qMAOv22hktmYa%2ByuYIi0adDRt1Vl373pobM%2FWduf%2FPVrelhGY90y%2B6nlUsHYs%2F0RX%2BffeGRkCWIA3NDG4nK65Hmjec9Yrifcp%2Bh9IpVxGw3TTszVFsE13FodrEiFix0upy9N8%2FFaJMAlfuZ15%2BfNbBVMJc5cRJqdYSud1FWAgfOpluHeqqFr5mLQIK1vVr267UGmrPzwFCXalT4IDNRG1xIoPRbYhuApG87ehsMnMdUYWGXnGsUjVdX0ddgIFH7nVLEzg20ovcpatGj%2Bt9tb30Qw6JLDhXwIs3ZPA0wwJxiU%2FPwLbhweu36bL81mxoHI6ww%3D%3D: ('Connection aborted.', ConnectionResetError(104, 'Connection reset by peer'))
2024-06-04 18:04:08,627 ERROR   wandb-upload_2:9033 [internal_api.py:upload_file():2740] upload_file request headers: {'User-Agent': 'python-requests/2.28.2', 'Accept-Encoding': 'gzip, deflate, br', 'Accept': '*/*', 'Connection': 'keep-alive', 'Content-MD5': '8Us9vyVHs+Ug/FwFhYkQzQ==', 'Content-Type': 'application/json', 'Content-Length': '23149'}
2024-06-04 18:04:08,627 ERROR   wandb-upload_2:9033 [internal_api.py:upload_file():2742] upload_file response body: 
2024-06-04 18:04:08,746 ERROR   wandb-upload_0:9033 [internal_api.py:upload_file():2738] upload_file exception https://storage.googleapis.com/wandb-production.appspot.com/toby-yang/huggingface/4dfg8kg4/wandb-metadata.json?Expires=1717581844&GoogleAccessId=gorilla-files-url-signer-man%40wandb-production.iam.gserviceaccount.com&Signature=NfqZWb2u48zUsmP5m8pFHgpRRCV9HdOjEw6AcNwMxKaHdGgE2BEr4Lcz%2Bbs7Ax59eqWtrP7JRrFo%2BCvtuaN5%2Fv7KxpbxfRoDJPI0wCTpDUGNOG%2FNBtshr%2Bsj%2FZquQtwaabQGk78LH7oiPCo61GQpXUOxQ%2BF6XSIwV4SbRdMTpAofqvji4JgTnrZAbO1dDZydmtfFpcmF6sQrPIH87%2BimsP3uO4k71wTZalgvCqmR8J%2FdeRMBqVg62jVqCxQrDRs5AcZZ2c5nvJdDhGDU5kM%2Ba%2B42AI6YZ3Po7VZarQDMC1p18eCsaKb%2FQR5tYB8fluLDfNAcMLmS5BihwwLvnw99Lw%3D%3D: ('Connection aborted.', ConnectionResetError(104, 'Connection reset by peer'))
2024-06-04 18:04:08,746 ERROR   wandb-upload_0:9033 [internal_api.py:upload_file():2740] upload_file request headers: {'User-Agent': 'python-requests/2.28.2', 'Accept-Encoding': 'gzip, deflate, br', 'Accept': '*/*', 'Connection': 'keep-alive', 'Content-Length': '10734'}
2024-06-04 18:04:08,746 ERROR   wandb-upload_0:9033 [internal_api.py:upload_file():2742] upload_file response body: 
2024-06-04 18:04:09,973 ERROR   wandb-upload_2:9033 [internal_api.py:upload_file():2738] upload_file exception https://storage.googleapis.com/wandb-artifacts-prod/wandb_artifacts/181782398/859760499/f14b3dbf2547b3e520fc5c05858910cd?Expires=1717581848&GoogleAccessId=gorilla-files-url-signer-man%40wandb-production.iam.gserviceaccount.com&Signature=IxliAxfJQYynYJEV%2FK1qMAOv22hktmYa%2ByuYIi0adDRt1Vl373pobM%2FWduf%2FPVrelhGY90y%2B6nlUsHYs%2F0RX%2BffeGRkCWIA3NDG4nK65Hmjec9Yrifcp%2Bh9IpVxGw3TTszVFsE13FodrEiFix0upy9N8%2FFaJMAlfuZ15%2BfNbBVMJc5cRJqdYSud1FWAgfOpluHeqqFr5mLQIK1vVr267UGmrPzwFCXalT4IDNRG1xIoPRbYhuApG87ehsMnMdUYWGXnGsUjVdX0ddgIFH7nVLEzg20ovcpatGj%2Bt9tb30Qw6JLDhXwIs3ZPA0wwJxiU%2FPwLbhweu36bL81mxoHI6ww%3D%3D: ('Connection aborted.', ConnectionResetError(104, 'Connection reset by peer'))
2024-06-04 18:04:09,973 ERROR   wandb-upload_2:9033 [internal_api.py:upload_file():2740] upload_file request headers: {'User-Agent': 'python-requests/2.28.2', 'Accept-Encoding': 'gzip, deflate, br', 'Accept': '*/*', 'Connection': 'keep-alive', 'Content-MD5': '8Us9vyVHs+Ug/FwFhYkQzQ==', 'Content-Type': 'application/json', 'Content-Length': '23149'}
2024-06-04 18:04:09,973 ERROR   wandb-upload_2:9033 [internal_api.py:upload_file():2742] upload_file response body: 
2024-06-04 18:04:09,973 INFO    wandb-upload_2:9033 [retry.py:__call__():172] Retry attempt failed:
Traceback (most recent call last):
  File "/root/miniconda3/lib/python3.8/site-packages/urllib3/connectionpool.py", line 715, in urlopen
    httplib_response = self._make_request(
  File "/root/miniconda3/lib/python3.8/site-packages/urllib3/connectionpool.py", line 404, in _make_request
    self._validate_conn(conn)
  File "/root/miniconda3/lib/python3.8/site-packages/urllib3/connectionpool.py", line 1058, in _validate_conn
    conn.connect()
  File "/root/miniconda3/lib/python3.8/site-packages/urllib3/connection.py", line 419, in connect
    self.sock = ssl_wrap_socket(
  File "/root/miniconda3/lib/python3.8/site-packages/urllib3/util/ssl_.py", line 449, in ssl_wrap_socket
    ssl_sock = _ssl_wrap_socket_impl(
  File "/root/miniconda3/lib/python3.8/site-packages/urllib3/util/ssl_.py", line 493, in _ssl_wrap_socket_impl
    return ssl_context.wrap_socket(sock, server_hostname=server_hostname)
  File "/root/miniconda3/lib/python3.8/ssl.py", line 500, in wrap_socket
    return self.sslsocket_class._create(
  File "/root/miniconda3/lib/python3.8/ssl.py", line 1040, in _create
    self.do_handshake()
  File "/root/miniconda3/lib/python3.8/ssl.py", line 1309, in do_handshake
    self._sslobj.do_handshake()
ConnectionResetError: [Errno 104] Connection reset by peer

During handling of the above exception, another exception occurred:

Traceback (most recent call last):
  File "/root/miniconda3/lib/python3.8/site-packages/requests/adapters.py", line 489, in send
    resp = conn.urlopen(
  File "/root/miniconda3/lib/python3.8/site-packages/urllib3/connectionpool.py", line 799, in urlopen
    retries = retries.increment(
  File "/root/miniconda3/lib/python3.8/site-packages/urllib3/util/retry.py", line 550, in increment
    raise six.reraise(type(error), error, _stacktrace)
  File "/root/miniconda3/lib/python3.8/site-packages/urllib3/packages/six.py", line 769, in reraise
    raise value.with_traceback(tb)
  File "/root/miniconda3/lib/python3.8/site-packages/urllib3/connectionpool.py", line 715, in urlopen
    httplib_response = self._make_request(
  File "/root/miniconda3/lib/python3.8/site-packages/urllib3/connectionpool.py", line 404, in _make_request
    self._validate_conn(conn)
  File "/root/miniconda3/lib/python3.8/site-packages/urllib3/connectionpool.py", line 1058, in _validate_conn
    conn.connect()
  File "/root/miniconda3/lib/python3.8/site-packages/urllib3/connection.py", line 419, in connect
    self.sock = ssl_wrap_socket(
  File "/root/miniconda3/lib/python3.8/site-packages/urllib3/util/ssl_.py", line 449, in ssl_wrap_socket
    ssl_sock = _ssl_wrap_socket_impl(
  File "/root/miniconda3/lib/python3.8/site-packages/urllib3/util/ssl_.py", line 493, in _ssl_wrap_socket_impl
    return ssl_context.wrap_socket(sock, server_hostname=server_hostname)
  File "/root/miniconda3/lib/python3.8/ssl.py", line 500, in wrap_socket
    return self.sslsocket_class._create(
  File "/root/miniconda3/lib/python3.8/ssl.py", line 1040, in _create
    self.do_handshake()
  File "/root/miniconda3/lib/python3.8/ssl.py", line 1309, in do_handshake
    self._sslobj.do_handshake()
urllib3.exceptions.ProtocolError: ('Connection aborted.', ConnectionResetError(104, 'Connection reset by peer'))

During handling of the above exception, another exception occurred:

Traceback (most recent call last):
  File "/root/miniconda3/lib/python3.8/site-packages/wandb/sdk/internal/internal_api.py", line 2731, in upload_file
    response = self._upload_file_session.put(
  File "/root/miniconda3/lib/python3.8/site-packages/requests/sessions.py", line 647, in put
    return self.request("PUT", url, data=data, **kwargs)
  File "/root/miniconda3/lib/python3.8/site-packages/requests/sessions.py", line 587, in request
    resp = self.send(prep, **send_kwargs)
  File "/root/miniconda3/lib/python3.8/site-packages/requests/sessions.py", line 701, in send
    r = adapter.send(request, **kwargs)
  File "/root/miniconda3/lib/python3.8/site-packages/requests/adapters.py", line 547, in send
    raise ConnectionError(err, request=request)
requests.exceptions.ConnectionError: ('Connection aborted.', ConnectionResetError(104, 'Connection reset by peer'))

During handling of the above exception, another exception occurred:

Traceback (most recent call last):
  File "/root/miniconda3/lib/python3.8/site-packages/wandb/sdk/lib/retry.py", line 131, in __call__
    result = self._call_fn(*args, **kwargs)
  File "/root/miniconda3/lib/python3.8/site-packages/wandb/sdk/internal/internal_api.py", line 2762, in upload_file
    raise _e.with_traceback(sys.exc_info()[2])
  File "/root/miniconda3/lib/python3.8/site-packages/wandb/sdk/internal/internal_api.py", line 2731, in upload_file
    response = self._upload_file_session.put(
  File "/root/miniconda3/lib/python3.8/site-packages/requests/sessions.py", line 647, in put
    return self.request("PUT", url, data=data, **kwargs)
  File "/root/miniconda3/lib/python3.8/site-packages/requests/sessions.py", line 587, in request
    resp = self.send(prep, **send_kwargs)
  File "/root/miniconda3/lib/python3.8/site-packages/requests/sessions.py", line 701, in send
    r = adapter.send(request, **kwargs)
  File "/root/miniconda3/lib/python3.8/site-packages/requests/adapters.py", line 547, in send
    raise ConnectionError(err, request=request)
wandb.sdk.lib.retry.TransientError: None
2024-06-04 18:04:12,450 ERROR   wandb-upload_2:9033 [internal_api.py:upload_file():2738] upload_file exception https://storage.googleapis.com/wandb-artifacts-prod/wandb_artifacts/181782398/859760499/f14b3dbf2547b3e520fc5c05858910cd?Expires=1717581848&GoogleAccessId=gorilla-files-url-signer-man%40wandb-production.iam.gserviceaccount.com&Signature=IxliAxfJQYynYJEV%2FK1qMAOv22hktmYa%2ByuYIi0adDRt1Vl373pobM%2FWduf%2FPVrelhGY90y%2B6nlUsHYs%2F0RX%2BffeGRkCWIA3NDG4nK65Hmjec9Yrifcp%2Bh9IpVxGw3TTszVFsE13FodrEiFix0upy9N8%2FFaJMAlfuZ15%2BfNbBVMJc5cRJqdYSud1FWAgfOpluHeqqFr5mLQIK1vVr267UGmrPzwFCXalT4IDNRG1xIoPRbYhuApG87ehsMnMdUYWGXnGsUjVdX0ddgIFH7nVLEzg20ovcpatGj%2Bt9tb30Qw6JLDhXwIs3ZPA0wwJxiU%2FPwLbhweu36bL81mxoHI6ww%3D%3D: ('Connection aborted.', ConnectionResetError(104, 'Connection reset by peer'))
2024-06-04 18:04:12,450 ERROR   wandb-upload_2:9033 [internal_api.py:upload_file():2740] upload_file request headers: {'User-Agent': 'python-requests/2.28.2', 'Accept-Encoding': 'gzip, deflate, br', 'Accept': '*/*', 'Connection': 'keep-alive', 'Content-MD5': '8Us9vyVHs+Ug/FwFhYkQzQ==', 'Content-Type': 'application/json', 'Content-Length': '23149'}
2024-06-04 18:04:12,450 ERROR   wandb-upload_2:9033 [internal_api.py:upload_file():2742] upload_file response body: 
2024-06-04 18:04:12,813 DEBUG   HandlerThread:9033 [handler.py:handle_request():158] handle_request: keepalive
2024-06-04 18:04:13,009 ERROR   wandb-upload_0:9033 [internal_api.py:upload_file():2738] upload_file exception https://storage.googleapis.com/wandb-production.appspot.com/toby-yang/huggingface/4dfg8kg4/wandb-metadata.json?Expires=1717581844&GoogleAccessId=gorilla-files-url-signer-man%40wandb-production.iam.gserviceaccount.com&Signature=NfqZWb2u48zUsmP5m8pFHgpRRCV9HdOjEw6AcNwMxKaHdGgE2BEr4Lcz%2Bbs7Ax59eqWtrP7JRrFo%2BCvtuaN5%2Fv7KxpbxfRoDJPI0wCTpDUGNOG%2FNBtshr%2Bsj%2FZquQtwaabQGk78LH7oiPCo61GQpXUOxQ%2BF6XSIwV4SbRdMTpAofqvji4JgTnrZAbO1dDZydmtfFpcmF6sQrPIH87%2BimsP3uO4k71wTZalgvCqmR8J%2FdeRMBqVg62jVqCxQrDRs5AcZZ2c5nvJdDhGDU5kM%2Ba%2B42AI6YZ3Po7VZarQDMC1p18eCsaKb%2FQR5tYB8fluLDfNAcMLmS5BihwwLvnw99Lw%3D%3D: ('Connection aborted.', ConnectionResetError(104, 'Connection reset by peer'))
2024-06-04 18:04:13,009 ERROR   wandb-upload_0:9033 [internal_api.py:upload_file():2740] upload_file request headers: {'User-Agent': 'python-requests/2.28.2', 'Accept-Encoding': 'gzip, deflate, br', 'Accept': '*/*', 'Connection': 'keep-alive', 'Content-Length': '10734'}
2024-06-04 18:04:13,009 ERROR   wandb-upload_0:9033 [internal_api.py:upload_file():2742] upload_file response body: 
2024-06-04 18:04:17,197 ERROR   wandb-upload_2:9033 [internal_api.py:upload_file():2738] upload_file exception https://storage.googleapis.com/wandb-artifacts-prod/wandb_artifacts/181782398/859760499/f14b3dbf2547b3e520fc5c05858910cd?Expires=1717581848&GoogleAccessId=gorilla-files-url-signer-man%40wandb-production.iam.gserviceaccount.com&Signature=IxliAxfJQYynYJEV%2FK1qMAOv22hktmYa%2ByuYIi0adDRt1Vl373pobM%2FWduf%2FPVrelhGY90y%2B6nlUsHYs%2F0RX%2BffeGRkCWIA3NDG4nK65Hmjec9Yrifcp%2Bh9IpVxGw3TTszVFsE13FodrEiFix0upy9N8%2FFaJMAlfuZ15%2BfNbBVMJc5cRJqdYSud1FWAgfOpluHeqqFr5mLQIK1vVr267UGmrPzwFCXalT4IDNRG1xIoPRbYhuApG87ehsMnMdUYWGXnGsUjVdX0ddgIFH7nVLEzg20ovcpatGj%2Bt9tb30Qw6JLDhXwIs3ZPA0wwJxiU%2FPwLbhweu36bL81mxoHI6ww%3D%3D: ('Connection aborted.', ConnectionResetError(104, 'Connection reset by peer'))
2024-06-04 18:04:17,197 ERROR   wandb-upload_2:9033 [internal_api.py:upload_file():2740] upload_file request headers: {'User-Agent': 'python-requests/2.28.2', 'Accept-Encoding': 'gzip, deflate, br', 'Accept': '*/*', 'Connection': 'keep-alive', 'Content-MD5': '8Us9vyVHs+Ug/FwFhYkQzQ==', 'Content-Type': 'application/json', 'Content-Length': '23149'}
2024-06-04 18:04:17,197 ERROR   wandb-upload_2:9033 [internal_api.py:upload_file():2742] upload_file response body: 
2024-06-04 18:04:17,816 DEBUG   HandlerThread:9033 [handler.py:handle_request():158] handle_request: keepalive
2024-06-04 18:04:21,833 ERROR   wandb-upload_0:9033 [internal_api.py:upload_file():2738] upload_file exception https://storage.googleapis.com/wandb-production.appspot.com/toby-yang/huggingface/4dfg8kg4/wandb-metadata.json?Expires=1717581844&GoogleAccessId=gorilla-files-url-signer-man%40wandb-production.iam.gserviceaccount.com&Signature=NfqZWb2u48zUsmP5m8pFHgpRRCV9HdOjEw6AcNwMxKaHdGgE2BEr4Lcz%2Bbs7Ax59eqWtrP7JRrFo%2BCvtuaN5%2Fv7KxpbxfRoDJPI0wCTpDUGNOG%2FNBtshr%2Bsj%2FZquQtwaabQGk78LH7oiPCo61GQpXUOxQ%2BF6XSIwV4SbRdMTpAofqvji4JgTnrZAbO1dDZydmtfFpcmF6sQrPIH87%2BimsP3uO4k71wTZalgvCqmR8J%2FdeRMBqVg62jVqCxQrDRs5AcZZ2c5nvJdDhGDU5kM%2Ba%2B42AI6YZ3Po7VZarQDMC1p18eCsaKb%2FQR5tYB8fluLDfNAcMLmS5BihwwLvnw99Lw%3D%3D: ('Connection aborted.', ConnectionResetError(104, 'Connection reset by peer'))
2024-06-04 18:04:21,834 ERROR   wandb-upload_0:9033 [internal_api.py:upload_file():2740] upload_file request headers: {'User-Agent': 'python-requests/2.28.2', 'Accept-Encoding': 'gzip, deflate, br', 'Accept': '*/*', 'Connection': 'keep-alive', 'Content-Length': '10734'}
2024-06-04 18:04:21,834 ERROR   wandb-upload_0:9033 [internal_api.py:upload_file():2742] upload_file response body: 
2024-06-04 18:04:22,818 DEBUG   HandlerThread:9033 [handler.py:handle_request():158] handle_request: keepalive
2024-06-04 18:04:25,769 ERROR   wandb-upload_2:9033 [internal_api.py:upload_file():2738] upload_file exception https://storage.googleapis.com/wandb-artifacts-prod/wandb_artifacts/181782398/859760499/f14b3dbf2547b3e520fc5c05858910cd?Expires=1717581848&GoogleAccessId=gorilla-files-url-signer-man%40wandb-production.iam.gserviceaccount.com&Signature=IxliAxfJQYynYJEV%2FK1qMAOv22hktmYa%2ByuYIi0adDRt1Vl373pobM%2FWduf%2FPVrelhGY90y%2B6nlUsHYs%2F0RX%2BffeGRkCWIA3NDG4nK65Hmjec9Yrifcp%2Bh9IpVxGw3TTszVFsE13FodrEiFix0upy9N8%2FFaJMAlfuZ15%2BfNbBVMJc5cRJqdYSud1FWAgfOpluHeqqFr5mLQIK1vVr267UGmrPzwFCXalT4IDNRG1xIoPRbYhuApG87ehsMnMdUYWGXnGsUjVdX0ddgIFH7nVLEzg20ovcpatGj%2Bt9tb30Qw6JLDhXwIs3ZPA0wwJxiU%2FPwLbhweu36bL81mxoHI6ww%3D%3D: ('Connection aborted.', ConnectionResetError(104, 'Connection reset by peer'))
2024-06-04 18:04:25,769 ERROR   wandb-upload_2:9033 [internal_api.py:upload_file():2740] upload_file request headers: {'User-Agent': 'python-requests/2.28.2', 'Accept-Encoding': 'gzip, deflate, br', 'Accept': '*/*', 'Connection': 'keep-alive', 'Content-MD5': '8Us9vyVHs+Ug/FwFhYkQzQ==', 'Content-Type': 'application/json', 'Content-Length': '23149'}
2024-06-04 18:04:25,770 ERROR   wandb-upload_2:9033 [internal_api.py:upload_file():2742] upload_file response body: 
2024-06-04 18:04:27,821 DEBUG   HandlerThread:9033 [handler.py:handle_request():158] handle_request: keepalive
2024-06-04 18:04:32,824 DEBUG   HandlerThread:9033 [handler.py:handle_request():158] handle_request: keepalive
2024-06-04 18:04:37,826 DEBUG   HandlerThread:9033 [handler.py:handle_request():158] handle_request: keepalive
2024-06-04 18:04:38,968 ERROR   wandb-upload_0:9033 [internal_api.py:upload_file():2738] upload_file exception https://storage.googleapis.com/wandb-production.appspot.com/toby-yang/huggingface/4dfg8kg4/wandb-metadata.json?Expires=1717581844&GoogleAccessId=gorilla-files-url-signer-man%40wandb-production.iam.gserviceaccount.com&Signature=NfqZWb2u48zUsmP5m8pFHgpRRCV9HdOjEw6AcNwMxKaHdGgE2BEr4Lcz%2Bbs7Ax59eqWtrP7JRrFo%2BCvtuaN5%2Fv7KxpbxfRoDJPI0wCTpDUGNOG%2FNBtshr%2Bsj%2FZquQtwaabQGk78LH7oiPCo61GQpXUOxQ%2BF6XSIwV4SbRdMTpAofqvji4JgTnrZAbO1dDZydmtfFpcmF6sQrPIH87%2BimsP3uO4k71wTZalgvCqmR8J%2FdeRMBqVg62jVqCxQrDRs5AcZZ2c5nvJdDhGDU5kM%2Ba%2B42AI6YZ3Po7VZarQDMC1p18eCsaKb%2FQR5tYB8fluLDfNAcMLmS5BihwwLvnw99Lw%3D%3D: ('Connection aborted.', ConnectionResetError(104, 'Connection reset by peer'))
2024-06-04 18:04:38,968 ERROR   wandb-upload_0:9033 [internal_api.py:upload_file():2740] upload_file request headers: {'User-Agent': 'python-requests/2.28.2', 'Accept-Encoding': 'gzip, deflate, br', 'Accept': '*/*', 'Connection': 'keep-alive', 'Content-Length': '10734'}
2024-06-04 18:04:38,968 ERROR   wandb-upload_0:9033 [internal_api.py:upload_file():2742] upload_file response body: 
2024-06-04 18:04:42,828 DEBUG   HandlerThread:9033 [handler.py:handle_request():158] handle_request: keepalive
2024-06-04 18:04:44,566 ERROR   wandb-upload_2:9033 [internal_api.py:upload_file():2738] upload_file exception https://storage.googleapis.com/wandb-artifacts-prod/wandb_artifacts/181782398/859760499/f14b3dbf2547b3e520fc5c05858910cd?Expires=1717581848&GoogleAccessId=gorilla-files-url-signer-man%40wandb-production.iam.gserviceaccount.com&Signature=IxliAxfJQYynYJEV%2FK1qMAOv22hktmYa%2ByuYIi0adDRt1Vl373pobM%2FWduf%2FPVrelhGY90y%2B6nlUsHYs%2F0RX%2BffeGRkCWIA3NDG4nK65Hmjec9Yrifcp%2Bh9IpVxGw3TTszVFsE13FodrEiFix0upy9N8%2FFaJMAlfuZ15%2BfNbBVMJc5cRJqdYSud1FWAgfOpluHeqqFr5mLQIK1vVr267UGmrPzwFCXalT4IDNRG1xIoPRbYhuApG87ehsMnMdUYWGXnGsUjVdX0ddgIFH7nVLEzg20ovcpatGj%2Bt9tb30Qw6JLDhXwIs3ZPA0wwJxiU%2FPwLbhweu36bL81mxoHI6ww%3D%3D: ('Connection aborted.', ConnectionResetError(104, 'Connection reset by peer'))
2024-06-04 18:04:44,566 ERROR   wandb-upload_2:9033 [internal_api.py:upload_file():2740] upload_file request headers: {'User-Agent': 'python-requests/2.28.2', 'Accept-Encoding': 'gzip, deflate, br', 'Accept': '*/*', 'Connection': 'keep-alive', 'Content-MD5': '8Us9vyVHs+Ug/FwFhYkQzQ==', 'Content-Type': 'application/json', 'Content-Length': '23149'}
2024-06-04 18:04:44,566 ERROR   wandb-upload_2:9033 [internal_api.py:upload_file():2742] upload_file response body: 
2024-06-04 18:04:47,831 DEBUG   HandlerThread:9033 [handler.py:handle_request():158] handle_request: keepalive
2024-06-04 18:04:52,833 DEBUG   HandlerThread:9033 [handler.py:handle_request():158] handle_request: keepalive
2024-06-04 18:04:57,835 DEBUG   HandlerThread:9033 [handler.py:handle_request():158] handle_request: keepalive
2024-06-04 18:05:02,838 DEBUG   HandlerThread:9033 [handler.py:handle_request():158] handle_request: keepalive
2024-06-04 18:05:07,840 DEBUG   HandlerThread:9033 [handler.py:handle_request():158] handle_request: keepalive
2024-06-04 18:05:12,843 DEBUG   HandlerThread:9033 [handler.py:handle_request():158] handle_request: keepalive
2024-06-04 18:05:15,214 ERROR   wandb-upload_0:9033 [internal_api.py:upload_file():2738] upload_file exception https://storage.googleapis.com/wandb-production.appspot.com/toby-yang/huggingface/4dfg8kg4/wandb-metadata.json?Expires=1717581844&GoogleAccessId=gorilla-files-url-signer-man%40wandb-production.iam.gserviceaccount.com&Signature=NfqZWb2u48zUsmP5m8pFHgpRRCV9HdOjEw6AcNwMxKaHdGgE2BEr4Lcz%2Bbs7Ax59eqWtrP7JRrFo%2BCvtuaN5%2Fv7KxpbxfRoDJPI0wCTpDUGNOG%2FNBtshr%2Bsj%2FZquQtwaabQGk78LH7oiPCo61GQpXUOxQ%2BF6XSIwV4SbRdMTpAofqvji4JgTnrZAbO1dDZydmtfFpcmF6sQrPIH87%2BimsP3uO4k71wTZalgvCqmR8J%2FdeRMBqVg62jVqCxQrDRs5AcZZ2c5nvJdDhGDU5kM%2Ba%2B42AI6YZ3Po7VZarQDMC1p18eCsaKb%2FQR5tYB8fluLDfNAcMLmS5BihwwLvnw99Lw%3D%3D: ('Connection aborted.', ConnectionResetError(104, 'Connection reset by peer'))
2024-06-04 18:05:15,214 ERROR   wandb-upload_0:9033 [internal_api.py:upload_file():2740] upload_file request headers: {'User-Agent': 'python-requests/2.28.2', 'Accept-Encoding': 'gzip, deflate, br', 'Accept': '*/*', 'Connection': 'keep-alive', 'Content-Length': '10734'}
2024-06-04 18:05:15,214 ERROR   wandb-upload_0:9033 [internal_api.py:upload_file():2742] upload_file response body: 
2024-06-04 18:05:17,845 DEBUG   HandlerThread:9033 [handler.py:handle_request():158] handle_request: keepalive
2024-06-04 18:05:22,847 DEBUG   HandlerThread:9033 [handler.py:handle_request():158] handle_request: keepalive
2024-06-04 18:05:24,691 ERROR   wandb-upload_2:9033 [internal_api.py:upload_file():2738] upload_file exception https://storage.googleapis.com/wandb-artifacts-prod/wandb_artifacts/181782398/859760499/f14b3dbf2547b3e520fc5c05858910cd?Expires=1717581848&GoogleAccessId=gorilla-files-url-signer-man%40wandb-production.iam.gserviceaccount.com&Signature=IxliAxfJQYynYJEV%2FK1qMAOv22hktmYa%2ByuYIi0adDRt1Vl373pobM%2FWduf%2FPVrelhGY90y%2B6nlUsHYs%2F0RX%2BffeGRkCWIA3NDG4nK65Hmjec9Yrifcp%2Bh9IpVxGw3TTszVFsE13FodrEiFix0upy9N8%2FFaJMAlfuZ15%2BfNbBVMJc5cRJqdYSud1FWAgfOpluHeqqFr5mLQIK1vVr267UGmrPzwFCXalT4IDNRG1xIoPRbYhuApG87ehsMnMdUYWGXnGsUjVdX0ddgIFH7nVLEzg20ovcpatGj%2Bt9tb30Qw6JLDhXwIs3ZPA0wwJxiU%2FPwLbhweu36bL81mxoHI6ww%3D%3D: ('Connection aborted.', ConnectionResetError(104, 'Connection reset by peer'))
2024-06-04 18:05:24,691 ERROR   wandb-upload_2:9033 [internal_api.py:upload_file():2740] upload_file request headers: {'User-Agent': 'python-requests/2.28.2', 'Accept-Encoding': 'gzip, deflate, br', 'Accept': '*/*', 'Connection': 'keep-alive', 'Content-MD5': '8Us9vyVHs+Ug/FwFhYkQzQ==', 'Content-Type': 'application/json', 'Content-Length': '23149'}
2024-06-04 18:05:24,691 ERROR   wandb-upload_2:9033 [internal_api.py:upload_file():2742] upload_file response body: 
2024-06-04 18:05:27,850 DEBUG   HandlerThread:9033 [handler.py:handle_request():158] handle_request: keepalive
2024-06-04 18:05:32,852 DEBUG   HandlerThread:9033 [handler.py:handle_request():158] handle_request: keepalive
2024-06-04 18:05:37,854 DEBUG   HandlerThread:9033 [handler.py:handle_request():158] handle_request: keepalive
2024-06-04 18:05:39,869 WARNING StreamThr :9033 [internal.py:is_dead():413] Internal process exiting, parent pid 8400 disappeared
2024-06-04 18:05:39,869 ERROR   StreamThr :9033 [internal.py:wandb_internal():151] Internal process shutdown.
2024-06-04 18:05:40,832 INFO    WriterThread:9033 [datastore.py:close():296] close: /root/autodl-tmp/STllama/wandb/run-20240604_180402-4dfg8kg4/run-4dfg8kg4.wandb
2024-06-04 18:05:40,855 INFO    HandlerThread:9033 [handler.py:finish():882] shutting down handler
2024-06-04 18:06:19,669 ERROR   wandb-upload_0:9033 [internal_api.py:upload_file():2738] upload_file exception https://storage.googleapis.com/wandb-production.appspot.com/toby-yang/huggingface/4dfg8kg4/wandb-metadata.json?Expires=1717581844&GoogleAccessId=gorilla-files-url-signer-man%40wandb-production.iam.gserviceaccount.com&Signature=NfqZWb2u48zUsmP5m8pFHgpRRCV9HdOjEw6AcNwMxKaHdGgE2BEr4Lcz%2Bbs7Ax59eqWtrP7JRrFo%2BCvtuaN5%2Fv7KxpbxfRoDJPI0wCTpDUGNOG%2FNBtshr%2Bsj%2FZquQtwaabQGk78LH7oiPCo61GQpXUOxQ%2BF6XSIwV4SbRdMTpAofqvji4JgTnrZAbO1dDZydmtfFpcmF6sQrPIH87%2BimsP3uO4k71wTZalgvCqmR8J%2FdeRMBqVg62jVqCxQrDRs5AcZZ2c5nvJdDhGDU5kM%2Ba%2B42AI6YZ3Po7VZarQDMC1p18eCsaKb%2FQR5tYB8fluLDfNAcMLmS5BihwwLvnw99Lw%3D%3D: ('Connection aborted.', ConnectionResetError(104, 'Connection reset by peer'))
2024-06-04 18:06:19,669 ERROR   wandb-upload_0:9033 [internal_api.py:upload_file():2740] upload_file request headers: {'User-Agent': 'python-requests/2.28.2', 'Accept-Encoding': 'gzip, deflate, br', 'Accept': '*/*', 'Connection': 'keep-alive', 'Content-Length': '10734'}
2024-06-04 18:06:19,669 ERROR   wandb-upload_0:9033 [internal_api.py:upload_file():2742] upload_file response body: 
2024-06-04 18:06:41,364 ERROR   wandb-upload_2:9033 [internal_api.py:upload_file():2738] upload_file exception https://storage.googleapis.com/wandb-artifacts-prod/wandb_artifacts/181782398/859760499/f14b3dbf2547b3e520fc5c05858910cd?Expires=1717581848&GoogleAccessId=gorilla-files-url-signer-man%40wandb-production.iam.gserviceaccount.com&Signature=IxliAxfJQYynYJEV%2FK1qMAOv22hktmYa%2ByuYIi0adDRt1Vl373pobM%2FWduf%2FPVrelhGY90y%2B6nlUsHYs%2F0RX%2BffeGRkCWIA3NDG4nK65Hmjec9Yrifcp%2Bh9IpVxGw3TTszVFsE13FodrEiFix0upy9N8%2FFaJMAlfuZ15%2BfNbBVMJc5cRJqdYSud1FWAgfOpluHeqqFr5mLQIK1vVr267UGmrPzwFCXalT4IDNRG1xIoPRbYhuApG87ehsMnMdUYWGXnGsUjVdX0ddgIFH7nVLEzg20ovcpatGj%2Bt9tb30Qw6JLDhXwIs3ZPA0wwJxiU%2FPwLbhweu36bL81mxoHI6ww%3D%3D: ('Connection aborted.', ConnectionResetError(104, 'Connection reset by peer'))
2024-06-04 18:06:41,364 ERROR   wandb-upload_2:9033 [internal_api.py:upload_file():2740] upload_file request headers: {'User-Agent': 'python-requests/2.28.2', 'Accept-Encoding': 'gzip, deflate, br', 'Accept': '*/*', 'Connection': 'keep-alive', 'Content-MD5': '8Us9vyVHs+Ug/FwFhYkQzQ==', 'Content-Type': 'application/json', 'Content-Length': '23149'}
2024-06-04 18:06:41,364 ERROR   wandb-upload_2:9033 [internal_api.py:upload_file():2742] upload_file response body: 
2024-06-04 18:08:50,805 ERROR   wandb-upload_0:9033 [internal_api.py:upload_file():2738] upload_file exception https://storage.googleapis.com/wandb-production.appspot.com/toby-yang/huggingface/4dfg8kg4/wandb-metadata.json?Expires=1717581844&GoogleAccessId=gorilla-files-url-signer-man%40wandb-production.iam.gserviceaccount.com&Signature=NfqZWb2u48zUsmP5m8pFHgpRRCV9HdOjEw6AcNwMxKaHdGgE2BEr4Lcz%2Bbs7Ax59eqWtrP7JRrFo%2BCvtuaN5%2Fv7KxpbxfRoDJPI0wCTpDUGNOG%2FNBtshr%2Bsj%2FZquQtwaabQGk78LH7oiPCo61GQpXUOxQ%2BF6XSIwV4SbRdMTpAofqvji4JgTnrZAbO1dDZydmtfFpcmF6sQrPIH87%2BimsP3uO4k71wTZalgvCqmR8J%2FdeRMBqVg62jVqCxQrDRs5AcZZ2c5nvJdDhGDU5kM%2Ba%2B42AI6YZ3Po7VZarQDMC1p18eCsaKb%2FQR5tYB8fluLDfNAcMLmS5BihwwLvnw99Lw%3D%3D: ('Connection aborted.', ConnectionResetError(104, 'Connection reset by peer'))
2024-06-04 18:08:50,805 ERROR   wandb-upload_0:9033 [internal_api.py:upload_file():2740] upload_file request headers: {'User-Agent': 'python-requests/2.28.2', 'Accept-Encoding': 'gzip, deflate, br', 'Accept': '*/*', 'Connection': 'keep-alive', 'Content-Length': '10734'}
2024-06-04 18:08:50,805 ERROR   wandb-upload_0:9033 [internal_api.py:upload_file():2742] upload_file response body: 
2024-06-04 18:08:57,572 ERROR   wandb-upload_2:9033 [internal_api.py:upload_file():2738] upload_file exception https://storage.googleapis.com/wandb-artifacts-prod/wandb_artifacts/181782398/859760499/f14b3dbf2547b3e520fc5c05858910cd?Expires=1717581848&GoogleAccessId=gorilla-files-url-signer-man%40wandb-production.iam.gserviceaccount.com&Signature=IxliAxfJQYynYJEV%2FK1qMAOv22hktmYa%2ByuYIi0adDRt1Vl373pobM%2FWduf%2FPVrelhGY90y%2B6nlUsHYs%2F0RX%2BffeGRkCWIA3NDG4nK65Hmjec9Yrifcp%2Bh9IpVxGw3TTszVFsE13FodrEiFix0upy9N8%2FFaJMAlfuZ15%2BfNbBVMJc5cRJqdYSud1FWAgfOpluHeqqFr5mLQIK1vVr267UGmrPzwFCXalT4IDNRG1xIoPRbYhuApG87ehsMnMdUYWGXnGsUjVdX0ddgIFH7nVLEzg20ovcpatGj%2Bt9tb30Qw6JLDhXwIs3ZPA0wwJxiU%2FPwLbhweu36bL81mxoHI6ww%3D%3D: ('Connection aborted.', ConnectionResetError(104, 'Connection reset by peer'))
2024-06-04 18:08:57,572 ERROR   wandb-upload_2:9033 [internal_api.py:upload_file():2740] upload_file request headers: {'User-Agent': 'python-requests/2.28.2', 'Accept-Encoding': 'gzip, deflate, br', 'Accept': '*/*', 'Connection': 'keep-alive', 'Content-MD5': '8Us9vyVHs+Ug/FwFhYkQzQ==', 'Content-Type': 'application/json', 'Content-Length': '23149'}
2024-06-04 18:08:57,572 ERROR   wandb-upload_2:9033 [internal_api.py:upload_file():2742] upload_file response body: 
2024-06-04 18:13:17,798 ERROR   wandb-upload_2:9033 [internal_api.py:upload_file():2738] upload_file exception https://storage.googleapis.com/wandb-artifacts-prod/wandb_artifacts/181782398/859760499/f14b3dbf2547b3e520fc5c05858910cd?Expires=1717581848&GoogleAccessId=gorilla-files-url-signer-man%40wandb-production.iam.gserviceaccount.com&Signature=IxliAxfJQYynYJEV%2FK1qMAOv22hktmYa%2ByuYIi0adDRt1Vl373pobM%2FWduf%2FPVrelhGY90y%2B6nlUsHYs%2F0RX%2BffeGRkCWIA3NDG4nK65Hmjec9Yrifcp%2Bh9IpVxGw3TTszVFsE13FodrEiFix0upy9N8%2FFaJMAlfuZ15%2BfNbBVMJc5cRJqdYSud1FWAgfOpluHeqqFr5mLQIK1vVr267UGmrPzwFCXalT4IDNRG1xIoPRbYhuApG87ehsMnMdUYWGXnGsUjVdX0ddgIFH7nVLEzg20ovcpatGj%2Bt9tb30Qw6JLDhXwIs3ZPA0wwJxiU%2FPwLbhweu36bL81mxoHI6ww%3D%3D: ('Connection aborted.', ConnectionResetError(104, 'Connection reset by peer'))
2024-06-04 18:13:17,798 ERROR   wandb-upload_2:9033 [internal_api.py:upload_file():2740] upload_file request headers: {'User-Agent': 'python-requests/2.28.2', 'Accept-Encoding': 'gzip, deflate, br', 'Accept': '*/*', 'Connection': 'keep-alive', 'Content-MD5': '8Us9vyVHs+Ug/FwFhYkQzQ==', 'Content-Type': 'application/json', 'Content-Length': '23149'}
2024-06-04 18:13:17,798 ERROR   wandb-upload_2:9033 [internal_api.py:upload_file():2742] upload_file response body: 
2024-06-04 18:13:33,670 ERROR   wandb-upload_0:9033 [internal_api.py:upload_file():2738] upload_file exception https://storage.googleapis.com/wandb-production.appspot.com/toby-yang/huggingface/4dfg8kg4/wandb-metadata.json?Expires=1717581844&GoogleAccessId=gorilla-files-url-signer-man%40wandb-production.iam.gserviceaccount.com&Signature=NfqZWb2u48zUsmP5m8pFHgpRRCV9HdOjEw6AcNwMxKaHdGgE2BEr4Lcz%2Bbs7Ax59eqWtrP7JRrFo%2BCvtuaN5%2Fv7KxpbxfRoDJPI0wCTpDUGNOG%2FNBtshr%2Bsj%2FZquQtwaabQGk78LH7oiPCo61GQpXUOxQ%2BF6XSIwV4SbRdMTpAofqvji4JgTnrZAbO1dDZydmtfFpcmF6sQrPIH87%2BimsP3uO4k71wTZalgvCqmR8J%2FdeRMBqVg62jVqCxQrDRs5AcZZ2c5nvJdDhGDU5kM%2Ba%2B42AI6YZ3Po7VZarQDMC1p18eCsaKb%2FQR5tYB8fluLDfNAcMLmS5BihwwLvnw99Lw%3D%3D: ('Connection aborted.', ConnectionResetError(104, 'Connection reset by peer'))
2024-06-04 18:13:33,670 ERROR   wandb-upload_0:9033 [internal_api.py:upload_file():2740] upload_file request headers: {'User-Agent': 'python-requests/2.28.2', 'Accept-Encoding': 'gzip, deflate, br', 'Accept': '*/*', 'Connection': 'keep-alive', 'Content-Length': '10734'}
2024-06-04 18:13:33,670 ERROR   wandb-upload_0:9033 [internal_api.py:upload_file():2742] upload_file response body: 
